[2025-09-26 15:39:41,229] INFO: ============================================================
[2025-09-26 15:39:41,229] INFO: CRITICAL ISSUES FIX SCRIPT STARTED
[2025-09-26 15:39:41,229] INFO: ============================================================
[2025-09-26 15:39:41,229] INFO: 
1. Fixing datetime naive field warnings...
[2025-09-26 15:39:43,446] INFO: Loaded 70 translations for module 'creditors', lang='en'
[2025-09-26 15:39:43,446] INFO: Loaded 66 translations for module 'creditors', lang='ha'
[2025-09-26 15:39:43,447] INFO: Loaded 89 translations for module 'debtors', lang='en'
[2025-09-26 15:39:43,447] INFO: Loaded 89 translations for module 'debtors', lang='ha'
[2025-09-26 15:39:43,448] INFO: Loaded 95 translations for module 'payments', lang='en'
[2025-09-26 15:39:43,449] INFO: Loaded 95 translations for module 'payments', lang='ha'
[2025-09-26 15:39:43,449] INFO: Loaded 70 translations for module 'receipts', lang='en'
[2025-09-26 15:39:43,449] INFO: Loaded 70 translations for module 'receipts', lang='ha'
[2025-09-26 15:39:43,450] INFO: Loaded 148 translations for module 'admin', lang='en'
[2025-09-26 15:39:43,450] INFO: Loaded 63 translations for module 'admin', lang='ha'
[2025-09-26 15:39:43,450] INFO: Loaded 1068 translations for module 'general', lang='en'
[2025-09-26 15:39:43,451] INFO: Loaded 988 translations for module 'general', lang='ha'
[2025-09-26 15:39:43,451] INFO: Loaded 126 translations for module 'tax', lang='en'
[2025-09-26 15:39:43,452] INFO: Loaded 125 translations for module 'tax', lang='ha'
[2025-09-26 15:39:43,574] INFO: 
2. Validating JSON serialization...
[2025-09-26 15:39:43,595] INFO: Validating JSON serialization of critical data structures...
[2025-09-26 15:39:43,614] INFO: 
3. Testing sanitization functions...
[2025-09-26 15:39:43,632] INFO: 
4. Verifying route fixes...
[2025-09-26 15:39:43,632] INFO: Verifying route fixes...
[2025-09-26 15:39:43,648] INFO: 
5. Running comprehensive audit...
[2025-09-26 15:39:43,666] INFO: 
============================================================
[2025-09-26 15:39:43,666] INFO: FIX SCRIPT SUMMARY
[2025-09-26 15:39:43,668] INFO: ============================================================
[2025-09-26 15:39:43,681] INFO: 
Please check the logs above for specific error details.
